
Loading the model ...
  input file   : q1.pomdp
  loading time : 0.28s 

SARSOP initializing ...
  initialization time : 0.01s

-------------------------------------------------------------------------------
 Time   |#Trial |#Backup |LBound    |UBound    |Precision  |#Alphas |#Beliefs  
-------------------------------------------------------------------------------
 0.01    0       0        6.92243    13.4078    6.48541     5        1        
 0.01    9       50       13.171     13.2332    0.0622166   23       15       
 0.01    16      100      13.221     13.2293    0.00831443  27       21       
 0.02    21      155      13.2256    13.2276    0.00193354  65       34       
 0.03    24      203      13.2262    13.2273    0.00107468  60       46       
 0.03    25      221      13.2263    13.2272    0.000937206 65       47       
-------------------------------------------------------------------------------

SARSOP finishing ...
  target precision reached
  target precision  : 0.001000
  precision reached : 0.000937 

-------------------------------------------------------------------------------
 Time   |#Trial |#Backup |LBound    |UBound    |Precision  |#Alphas |#Beliefs  
-------------------------------------------------------------------------------
 0.03    25      221      13.2263    13.2272    0.000937206 65       47       
-------------------------------------------------------------------------------

Writing out policy ...
  output file : out.policy

