
Loading the model ...
  input file   : q2.pomdp
  loading time : 0.26s 

SARSOP initializing ...
  initialization time : 0.00s

-------------------------------------------------------------------------------
 Time   |#Trial |#Backup |LBound    |UBound    |Precision  |#Alphas |#Beliefs  
-------------------------------------------------------------------------------
 0       0       0        17.8761    39.7479    21.8718     5        1        
 0       10      50       30.3607    30.4355    0.074845    34       17       
 0.01    16      101      30.4226    30.4343    0.0117613   61       28       
 0.01    20      150      30.4287    30.4329    0.0041876   105      46       
 0.02    24      200      30.4308    30.4327    0.00187855  132      59       
 0.03    28      255      30.4313    30.4325    0.00124399  131      77       
 0.04    30      281      30.4315    30.4324    0.000944457 152      88       
-------------------------------------------------------------------------------

SARSOP finishing ...
  target precision reached
  target precision  : 0.001000
  precision reached : 0.000944 

-------------------------------------------------------------------------------
 Time   |#Trial |#Backup |LBound    |UBound    |Precision  |#Alphas |#Beliefs  
-------------------------------------------------------------------------------
 0.04    30      281      30.4315    30.4324    0.000944457 150      88       
-------------------------------------------------------------------------------

Writing out policy ...
  output file : out.policy

