
Loading the model ...
  input file   : q1.pomdp

Loading the policy ...
  input file   : out.policy

Simulating ...
  action selection :  one-step look ahead

-----------------------------------
 #Simulations  | Exp Total Reward  
-----------------------------------
 100             12.4197
 200             12.0453
 300             13.1439
 400             13.2697
 500             13.1932
 600             13.3638
 700             13.291
 800             13.0654
 900             13.0855
 1000            13.1618
-----------------------------------

Finishing ...

-------------------------------------------------------------
 #Simulations  | Exp Total Reward | 95% Confidence Interval 
-------------------------------------------------------------
 1000            13.1618            (12.4915, 13.832)
-------------------------------------------------------------
