
Loading the model ...
  input file   : q2.pomdp

Loading the policy ...
  input file   : out.policy

Simulating ...
  action selection :  one-step look ahead

-----------------------------------
 #Simulations  | Exp Total Reward  
-----------------------------------
 100             29.4706
 200             28.6803
 300             28.2868
 400             28.0375
 500             28.1465
 600             28.4532
 700             28.7647
 800             28.9712
 900             29.1616
 1000            29.3222
-----------------------------------

Finishing ...

-------------------------------------------------------------
 #Simulations  | Exp Total Reward | 95% Confidence Interval 
-------------------------------------------------------------
 1000            29.3222            (28.6119, 30.0326)
-------------------------------------------------------------
