
Loading the model ...
  input file   : q4.pomdp
  loading time : 0.25s 

SARSOP initializing ...
  initialization time : 0.00s

-------------------------------------------------------------------------------
 Time   |#Trial |#Backup |LBound    |UBound    |Precision  |#Alphas |#Beliefs  
-------------------------------------------------------------------------------
 0       0       0        10.9412    24.0772    13.136      5        1        
 0.01    11      50       19.7868    19.8863    0.0994585   33       14       
 0.01    18      105      19.8567    19.8752    0.018453    42       24       
 0.01    23      151      19.8675    19.8742    0.00669391  52       34       
 0.02    27      200      19.8688    19.8731    0.00431514  61       43       
 0.03    32      253      19.8707    19.8726    0.00182013  85       61       
 0.04    35      305      19.8711    19.8724    0.00130163  77       67       
 0.04    38      350      19.8712    19.8723    0.00107417  111      83       
 0.05    39      361      19.8713    19.8723    0.000946353 116      86       
-------------------------------------------------------------------------------

SARSOP finishing ...
  target precision reached
  target precision  : 0.001000
  precision reached : 0.000946 

-------------------------------------------------------------------------------
 Time   |#Trial |#Backup |LBound    |UBound    |Precision  |#Alphas |#Beliefs  
-------------------------------------------------------------------------------
 0.05    39      361      19.8713    19.8723    0.000946353 116      86       
-------------------------------------------------------------------------------

Writing out policy ...
  output file : out.policy

