
Loading the model ...
  input file   : q4.pomdp
  loading time : 0.29s 

SARSOP initializing ...
  initialization time : 0.00s

-------------------------------------------------------------------------------
 Time   |#Trial |#Backup |LBound    |UBound    |Precision  |#Alphas |#Beliefs  
-------------------------------------------------------------------------------
 0       0       0        10.9488    24.0056    13.0567     5        1        
 0       11      50       19.8403    19.9398    0.0994883   33       14       
 0.01    18      105      19.9103    19.9293    0.0189263   41       24       
 0.01    23      150      19.9211    19.9282    0.00708706  51       34       
 0.02    27      201      19.923     19.9267    0.00370134  69       51       
 0.03    31      250      19.9244    19.9263    0.00195273  96       65       
 0.03    34      300      19.9249    19.9262    0.00127646  103      73       
 0.04    37      343      19.9251    19.926     0.000935008 107      86       
-------------------------------------------------------------------------------

SARSOP finishing ...
  target precision reached
  target precision  : 0.001000
  precision reached : 0.000935 

-------------------------------------------------------------------------------
 Time   |#Trial |#Backup |LBound    |UBound    |Precision  |#Alphas |#Beliefs  
-------------------------------------------------------------------------------
 0.04    37      343      19.9251    19.926     0.000935008 107      86       
-------------------------------------------------------------------------------

Writing out policy ...
  output file : out.policy

